mode: set
github.com/bllooop/pvzservice/cmd/main.go:9.13,11.2 1 0
github.com/bllooop/pvzservice/grpcpvz/pvz.pb.go:44.50,48.2 3 0
github.com/bllooop/pvzservice/grpcpvz/pvz.pb.go:50.42,52.2 1 0
github.com/bllooop/pvzservice/grpcpvz/pvz.pb.go:54.65,56.2 1 0
github.com/bllooop/pvzservice/grpcpvz/pvz.pb.go:58.53,60.2 1 0
github.com/bllooop/pvzservice/grpcpvz/pvz.pb.go:62.59,64.2 1 0
github.com/bllooop/pvzservice/grpcpvz/pvz.pb.go:67.57,69.2 1 0
github.com/bllooop/pvzservice/grpcpvz/pvz.pb.go:80.23,85.2 4 0
github.com/bllooop/pvzservice/grpcpvz/pvz.pb.go:87.31,89.2 1 0
github.com/bllooop/pvzservice/grpcpvz/pvz.pb.go:91.29,91.30 0 0
github.com/bllooop/pvzservice/grpcpvz/pvz.pb.go:93.51,95.14 2 0
github.com/bllooop/pvzservice/grpcpvz/pvz.pb.go:95.14,97.34 2 0
github.com/bllooop/pvzservice/grpcpvz/pvz.pb.go:97.34,99.4 1 0
github.com/bllooop/pvzservice/grpcpvz/pvz.pb.go:100.3,100.12 1 0
github.com/bllooop/pvzservice/grpcpvz/pvz.pb.go:102.2,102.24 1 0
github.com/bllooop/pvzservice/grpcpvz/pvz.pb.go:106.42,108.2 1 0
github.com/bllooop/pvzservice/grpcpvz/pvz.pb.go:110.30,111.14 1 0
github.com/bllooop/pvzservice/grpcpvz/pvz.pb.go:111.14,113.3 1 0
github.com/bllooop/pvzservice/grpcpvz/pvz.pb.go:114.2,114.11 1 0
github.com/bllooop/pvzservice/grpcpvz/pvz.pb.go:117.60,118.14 1 0
github.com/bllooop/pvzservice/grpcpvz/pvz.pb.go:118.14,120.3 1 0
github.com/bllooop/pvzservice/grpcpvz/pvz.pb.go:121.2,121.12 1 0
github.com/bllooop/pvzservice/grpcpvz/pvz.pb.go:124.32,125.14 1 0
github.com/bllooop/pvzservice/grpcpvz/pvz.pb.go:125.14,127.3 1 0
github.com/bllooop/pvzservice/grpcpvz/pvz.pb.go:128.2,128.11 1 0
github.com/bllooop/pvzservice/grpcpvz/pvz.pb.go:137.37,142.2 4 0
github.com/bllooop/pvzservice/grpcpvz/pvz.pb.go:144.45,146.2 1 0
github.com/bllooop/pvzservice/grpcpvz/pvz.pb.go:148.43,148.44 0 0
github.com/bllooop/pvzservice/grpcpvz/pvz.pb.go:150.65,152.14 2 0
github.com/bllooop/pvzservice/grpcpvz/pvz.pb.go:152.14,154.34 2 0
github.com/bllooop/pvzservice/grpcpvz/pvz.pb.go:154.34,156.4 1 0
github.com/bllooop/pvzservice/grpcpvz/pvz.pb.go:157.3,157.12 1 0
github.com/bllooop/pvzservice/grpcpvz/pvz.pb.go:159.2,159.24 1 0
github.com/bllooop/pvzservice/grpcpvz/pvz.pb.go:163.56,165.2 1 0
github.com/bllooop/pvzservice/grpcpvz/pvz.pb.go:174.38,179.2 4 0
github.com/bllooop/pvzservice/grpcpvz/pvz.pb.go:181.46,183.2 1 0
github.com/bllooop/pvzservice/grpcpvz/pvz.pb.go:185.44,185.45 0 0
github.com/bllooop/pvzservice/grpcpvz/pvz.pb.go:187.66,189.14 2 0
github.com/bllooop/pvzservice/grpcpvz/pvz.pb.go:189.14,191.34 2 0
github.com/bllooop/pvzservice/grpcpvz/pvz.pb.go:191.34,193.4 1 0
github.com/bllooop/pvzservice/grpcpvz/pvz.pb.go:194.3,194.12 1 0
github.com/bllooop/pvzservice/grpcpvz/pvz.pb.go:196.2,196.24 1 0
github.com/bllooop/pvzservice/grpcpvz/pvz.pb.go:200.57,202.2 1 0
github.com/bllooop/pvzservice/grpcpvz/pvz.pb.go:204.47,205.14 1 0
github.com/bllooop/pvzservice/grpcpvz/pvz.pb.go:205.14,207.3 1 0
github.com/bllooop/pvzservice/grpcpvz/pvz.pb.go:208.2,208.12 1 0
github.com/bllooop/pvzservice/grpcpvz/pvz.pb.go:236.42,237.39 1 0
github.com/bllooop/pvzservice/grpcpvz/pvz.pb.go:237.39,239.3 1 0
github.com/bllooop/pvzservice/grpcpvz/pvz.pb.go:240.2,240.35 1 0
github.com/bllooop/pvzservice/grpcpvz/pvz.pb.go:264.13,264.38 1 0
github.com/bllooop/pvzservice/grpcpvz/pvz.pb.go:265.28,266.27 1 0
github.com/bllooop/pvzservice/grpcpvz/pvz.pb.go:266.27,268.3 1 0
github.com/bllooop/pvzservice/grpcpvz/pvz.pb.go:269.2,286.30 5 0
github.com/bllooop/pvzservice/grpcpvz/pvz_grpc.pb.go:36.72,38.2 1 0
github.com/bllooop/pvzservice/grpcpvz/pvz_grpc.pb.go:40.137,44.16 4 0
github.com/bllooop/pvzservice/grpcpvz/pvz_grpc.pb.go:44.16,46.3 1 0
github.com/bllooop/pvzservice/grpcpvz/pvz_grpc.pb.go:47.2,47.17 1 0
github.com/bllooop/pvzservice/grpcpvz/pvz_grpc.pb.go:65.115,67.2 1 0
github.com/bllooop/pvzservice/grpcpvz/pvz_grpc.pb.go:68.80,68.81 0 0
github.com/bllooop/pvzservice/grpcpvz/pvz_grpc.pb.go:69.80,69.81 0 0
github.com/bllooop/pvzservice/grpcpvz/pvz_grpc.pb.go:78.78,83.59 1 0
github.com/bllooop/pvzservice/grpcpvz/pvz_grpc.pb.go:83.59,85.3 1 0
github.com/bllooop/pvzservice/grpcpvz/pvz_grpc.pb.go:86.2,86.49 1 0
github.com/bllooop/pvzservice/grpcpvz/pvz_grpc.pb.go:89.166,91.32 2 0
github.com/bllooop/pvzservice/grpcpvz/pvz_grpc.pb.go:91.32,93.3 1 0
github.com/bllooop/pvzservice/grpcpvz/pvz_grpc.pb.go:94.2,94.24 1 0
github.com/bllooop/pvzservice/grpcpvz/pvz_grpc.pb.go:94.24,96.3 1 0
github.com/bllooop/pvzservice/grpcpvz/pvz_grpc.pb.go:97.2,101.77 2 0
github.com/bllooop/pvzservice/grpcpvz/pvz_grpc.pb.go:101.77,103.3 1 0
github.com/bllooop/pvzservice/grpcpvz/pvz_grpc.pb.go:104.2,104.44 1 0
github.com/bllooop/pvzservice/internal/usecase/mocks/mock.go:34.71,38.2 3 0
github.com/bllooop/pvzservice/internal/usecase/mocks/mock.go:41.69,43.2 1 0
github.com/bllooop/pvzservice/internal/usecase/mocks/mock.go:46.79,52.2 5 0
github.com/bllooop/pvzservice/internal/usecase/mocks/mock.go:55.76,58.2 2 0
github.com/bllooop/pvzservice/internal/usecase/mocks/mock.go:61.91,67.2 5 0
github.com/bllooop/pvzservice/internal/usecase/mocks/mock.go:70.91,73.2 2 0
github.com/bllooop/pvzservice/internal/usecase/mocks/mock.go:76.81,83.2 6 0
github.com/bllooop/pvzservice/internal/usecase/mocks/mock.go:86.83,89.2 2 0
github.com/bllooop/pvzservice/internal/usecase/mocks/mock.go:92.83,98.2 5 0
github.com/bllooop/pvzservice/internal/usecase/mocks/mock.go:101.85,104.2 2 0
github.com/bllooop/pvzservice/internal/usecase/mocks/mock.go:119.51,123.2 3 0
github.com/bllooop/pvzservice/internal/usecase/mocks/mock.go:126.49,128.2 1 0
github.com/bllooop/pvzservice/internal/usecase/mocks/mock.go:131.82,137.2 5 0
github.com/bllooop/pvzservice/internal/usecase/mocks/mock.go:140.73,143.2 2 0
github.com/bllooop/pvzservice/internal/usecase/mocks/mock.go:146.87,152.2 5 0
github.com/bllooop/pvzservice/internal/usecase/mocks/mock.go:155.74,158.2 2 0
github.com/bllooop/pvzservice/internal/usecase/mocks/mock.go:161.65,167.2 5 0
github.com/bllooop/pvzservice/internal/usecase/mocks/mock.go:170.64,173.2 2 0
github.com/bllooop/pvzservice/internal/usecase/mocks/mock.go:176.95,182.2 5 0
github.com/bllooop/pvzservice/internal/usecase/mocks/mock.go:185.68,188.2 2 0
github.com/bllooop/pvzservice/internal/usecase/mocks/mock.go:191.62,196.2 4 0
github.com/bllooop/pvzservice/internal/usecase/mocks/mock.go:199.76,202.2 2 0
github.com/bllooop/pvzservice/internal/usecase/mocks/mock.go:205.75,211.2 5 0
github.com/bllooop/pvzservice/internal/usecase/mocks/mock.go:214.67,217.2 2 0
github.com/bllooop/pvzservice/internal/usecase/mocks/mock.go:220.86,226.2 5 0
github.com/bllooop/pvzservice/internal/usecase/mocks/mock.go:229.63,232.2 2 0
github.com/bllooop/pvzservice/internal/server/grpcclient.go:14.29,16.16 2 0
github.com/bllooop/pvzservice/internal/server/grpcclient.go:16.16,19.3 2 0
github.com/bllooop/pvzservice/internal/server/grpcclient.go:20.2,26.16 7 0
github.com/bllooop/pvzservice/internal/server/grpcclient.go:26.16,29.3 2 0
github.com/bllooop/pvzservice/internal/server/grpcclient.go:30.2,31.36 2 0
github.com/bllooop/pvzservice/internal/server/grpcclient.go:31.36,33.34 2 0
github.com/bllooop/pvzservice/internal/server/grpcclient.go:33.34,35.4 1 0
github.com/bllooop/pvzservice/internal/server/grpcclient.go:37.2,37.12 1 0
github.com/bllooop/pvzservice/internal/server/grpcserver.go:13.68,15.16 2 0
github.com/bllooop/pvzservice/internal/server/grpcserver.go:15.16,18.3 2 0
github.com/bllooop/pvzservice/internal/server/grpcserver.go:19.2,23.12 5 0
github.com/bllooop/pvzservice/internal/server/grpcserver.go:23.12,24.79 1 0
github.com/bllooop/pvzservice/internal/server/grpcserver.go:24.79,26.4 1 0
github.com/bllooop/pvzservice/internal/server/grpcserver.go:28.2,28.19 1 0
github.com/bllooop/pvzservice/internal/server/runserver.go:19.12,22.37 2 0
github.com/bllooop/pvzservice/internal/server/runserver.go:22.37,25.3 2 0
github.com/bllooop/pvzservice/internal/server/runserver.go:26.2,26.40 1 0
github.com/bllooop/pvzservice/internal/server/runserver.go:26.40,29.3 2 0
github.com/bllooop/pvzservice/internal/server/runserver.go:30.2,39.16 3 0
github.com/bllooop/pvzservice/internal/server/runserver.go:39.16,42.3 2 0
github.com/bllooop/pvzservice/internal/server/runserver.go:43.2,54.30 4 0
github.com/bllooop/pvzservice/internal/server/runserver.go:54.30,57.3 2 0
github.com/bllooop/pvzservice/internal/server/runserver.go:58.2,58.16 1 0
github.com/bllooop/pvzservice/internal/server/runserver.go:58.16,61.3 2 0
github.com/bllooop/pvzservice/internal/server/runserver.go:62.2,70.12 8 0
github.com/bllooop/pvzservice/internal/server/runserver.go:70.12,72.117 2 0
github.com/bllooop/pvzservice/internal/server/runserver.go:72.117,75.4 2 0
github.com/bllooop/pvzservice/internal/server/runserver.go:75.9,77.4 1 0
github.com/bllooop/pvzservice/internal/server/runserver.go:80.2,83.12 4 0
github.com/bllooop/pvzservice/internal/server/runserver.go:83.12,86.17 3 0
github.com/bllooop/pvzservice/internal/server/runserver.go:86.17,88.4 1 0
github.com/bllooop/pvzservice/internal/server/runserver.go:90.3,93.7 3 0
github.com/bllooop/pvzservice/internal/server/runserver.go:93.7,94.11 1 0
github.com/bllooop/pvzservice/internal/server/runserver.go:95.20,98.19 3 0
github.com/bllooop/pvzservice/internal/server/runserver.go:98.19,101.6 2 0
github.com/bllooop/pvzservice/internal/server/runserver.go:101.11,103.6 1 0
github.com/bllooop/pvzservice/internal/server/runserver.go:107.2,116.42 10 0
github.com/bllooop/pvzservice/internal/server/runserver.go:116.42,119.3 2 0
github.com/bllooop/pvzservice/internal/server/runserver.go:120.2,121.61 2 0
github.com/bllooop/pvzservice/internal/server/runserver.go:124.25,128.2 3 0
github.com/bllooop/pvzservice/internal/server/server.go:13.69,22.2 2 0
github.com/bllooop/pvzservice/internal/server/server.go:24.54,26.2 1 0
github.com/bllooop/pvzservice/prometheus/metrics.go:41.13,47.2 5 0
github.com/bllooop/pvzservice/internal/usecase/authusecase.go:18.63,22.2 1 0
github.com/bllooop/pvzservice/internal/usecase/authusecase.go:36.73,39.16 3 0
github.com/bllooop/pvzservice/internal/usecase/authusecase.go:39.16,41.3 1 0
github.com/bllooop/pvzservice/internal/usecase/authusecase.go:42.2,42.32 1 0
github.com/bllooop/pvzservice/internal/usecase/authusecase.go:44.77,46.16 2 0
github.com/bllooop/pvzservice/internal/usecase/authusecase.go:46.16,48.3 1 0
github.com/bllooop/pvzservice/internal/usecase/authusecase.go:49.2,49.46 1 0
github.com/bllooop/pvzservice/internal/usecase/authusecase.go:49.46,51.3 1 0
github.com/bllooop/pvzservice/internal/usecase/authusecase.go:52.2,52.18 1 0
github.com/bllooop/pvzservice/internal/usecase/authusecase.go:54.85,64.2 2 0
github.com/bllooop/pvzservice/internal/usecase/authusecase.go:66.75,67.109 1 0
github.com/bllooop/pvzservice/internal/usecase/authusecase.go:67.109,68.58 1 0
github.com/bllooop/pvzservice/internal/usecase/authusecase.go:68.58,70.4 1 0
github.com/bllooop/pvzservice/internal/usecase/authusecase.go:72.3,72.33 1 0
github.com/bllooop/pvzservice/internal/usecase/authusecase.go:74.2,74.16 1 0
github.com/bllooop/pvzservice/internal/usecase/authusecase.go:74.16,76.3 1 0
github.com/bllooop/pvzservice/internal/usecase/authusecase.go:78.2,79.9 2 0
github.com/bllooop/pvzservice/internal/usecase/authusecase.go:79.9,81.3 1 0
github.com/bllooop/pvzservice/internal/usecase/authusecase.go:83.2,83.44 1 0
github.com/bllooop/pvzservice/internal/usecase/authusecase.go:86.52,89.2 2 0
github.com/bllooop/pvzservice/internal/usecase/authusecase.go:91.59,94.2 2 0
github.com/bllooop/pvzservice/internal/usecase/pvzusecase.go:15.61,19.2 1 0
github.com/bllooop/pvzservice/internal/usecase/pvzusecase.go:21.68,23.2 1 0
github.com/bllooop/pvzservice/internal/usecase/pvzusecase.go:24.89,26.2 1 0
github.com/bllooop/pvzservice/internal/usecase/pvzusecase.go:27.98,29.2 1 0
github.com/bllooop/pvzservice/internal/usecase/pvzusecase.go:31.85,33.2 1 0
github.com/bllooop/pvzservice/internal/usecase/pvzusecase.go:35.65,37.2 1 0
github.com/bllooop/pvzservice/internal/usecase/pvzusecase.go:38.90,40.2 1 0
github.com/bllooop/pvzservice/internal/usecase/pvzusecase.go:42.78,44.2 1 0
github.com/bllooop/pvzservice/internal/usecase/usecase.go:33.55,38.2 1 0
github.com/bllooop/pvzservice/internal/repository/authrepository.go:17.49,21.2 1 1
github.com/bllooop/pvzservice/internal/repository/authrepository.go:23.74,28.66 5 1
github.com/bllooop/pvzservice/internal/repository/authrepository.go:28.66,30.3 1 1
github.com/bllooop/pvzservice/internal/repository/authrepository.go:31.2,32.22 2 1
github.com/bllooop/pvzservice/internal/repository/authrepository.go:35.68,41.16 6 1
github.com/bllooop/pvzservice/internal/repository/authrepository.go:41.16,42.36 1 1
github.com/bllooop/pvzservice/internal/repository/authrepository.go:42.36,44.4 1 1
github.com/bllooop/pvzservice/internal/repository/authrepository.go:45.3,45.28 1 1
github.com/bllooop/pvzservice/internal/repository/authrepository.go:47.2,48.18 2 1
github.com/bllooop/pvzservice/internal/repository/authrepository.go:51.38,53.2 1 0
github.com/bllooop/pvzservice/internal/repository/migrate.go:12.55,18.16 4 0
github.com/bllooop/pvzservice/internal/repository/migrate.go:18.16,20.3 1 0
github.com/bllooop/pvzservice/internal/repository/migrate.go:21.2,24.16 4 0
github.com/bllooop/pvzservice/internal/repository/migrate.go:24.16,26.3 1 0
github.com/bllooop/pvzservice/internal/repository/migrate.go:27.2,28.16 2 0
github.com/bllooop/pvzservice/internal/repository/migrate.go:28.16,30.3 1 0
github.com/bllooop/pvzservice/internal/repository/migrate.go:31.2,32.12 2 0
github.com/bllooop/pvzservice/internal/repository/postgres.go:27.50,34.16 6 0
github.com/bllooop/pvzservice/internal/repository/postgres.go:34.16,36.3 1 0
github.com/bllooop/pvzservice/internal/repository/postgres.go:37.2,37.16 1 0
github.com/bllooop/pvzservice/internal/repository/pvzrepository.go:17.47,21.2 1 1
github.com/bllooop/pvzservice/internal/repository/pvzrepository.go:22.51,24.16 2 1
github.com/bllooop/pvzservice/internal/repository/pvzrepository.go:24.16,26.3 1 0
github.com/bllooop/pvzservice/internal/repository/pvzrepository.go:27.2,27.16 1 1
github.com/bllooop/pvzservice/internal/repository/pvzrepository.go:29.79,33.16 4 0
github.com/bllooop/pvzservice/internal/repository/pvzrepository.go:33.16,36.3 2 0
github.com/bllooop/pvzservice/internal/repository/pvzrepository.go:37.2,38.21 2 0
github.com/bllooop/pvzservice/internal/repository/pvzrepository.go:40.69,45.96 5 1
github.com/bllooop/pvzservice/internal/repository/pvzrepository.go:45.96,47.3 1 1
github.com/bllooop/pvzservice/internal/repository/pvzrepository.go:48.2,49.25 2 1
github.com/bllooop/pvzservice/internal/repository/pvzrepository.go:51.90,53.16 2 1
github.com/bllooop/pvzservice/internal/repository/pvzrepository.go:53.16,55.3 1 0
github.com/bllooop/pvzservice/internal/repository/pvzrepository.go:56.2,64.16 8 1
github.com/bllooop/pvzservice/internal/repository/pvzrepository.go:64.16,66.3 1 1
github.com/bllooop/pvzservice/internal/repository/pvzrepository.go:67.2,68.16 2 1
github.com/bllooop/pvzservice/internal/repository/pvzrepository.go:68.16,70.3 1 1
github.com/bllooop/pvzservice/internal/repository/pvzrepository.go:72.2,73.16 2 1
github.com/bllooop/pvzservice/internal/repository/pvzrepository.go:73.16,75.3 1 1
github.com/bllooop/pvzservice/internal/repository/pvzrepository.go:76.2,79.39 4 1
github.com/bllooop/pvzservice/internal/repository/pvzrepository.go:79.39,81.3 1 1
github.com/bllooop/pvzservice/internal/repository/pvzrepository.go:83.2,84.35 2 1
github.com/bllooop/pvzservice/internal/repository/pvzrepository.go:84.35,86.3 1 1
github.com/bllooop/pvzservice/internal/repository/pvzrepository.go:88.2,88.27 1 1
github.com/bllooop/pvzservice/internal/repository/pvzrepository.go:88.27,91.59 2 1
github.com/bllooop/pvzservice/internal/repository/pvzrepository.go:91.59,96.4 1 1
github.com/bllooop/pvzservice/internal/repository/pvzrepository.go:98.3,101.5 1 1
github.com/bllooop/pvzservice/internal/repository/pvzrepository.go:103.2,104.16 2 1
github.com/bllooop/pvzservice/internal/repository/pvzrepository.go:104.16,106.3 1 0
github.com/bllooop/pvzservice/internal/repository/pvzrepository.go:107.2,108.20 2 1
github.com/bllooop/pvzservice/internal/repository/pvzrepository.go:111.79,115.27 3 1
github.com/bllooop/pvzservice/internal/repository/pvzrepository.go:115.27,118.3 2 1
github.com/bllooop/pvzservice/internal/repository/pvzrepository.go:120.2,120.25 1 1
github.com/bllooop/pvzservice/internal/repository/pvzrepository.go:120.25,123.3 2 0
github.com/bllooop/pvzservice/internal/repository/pvzrepository.go:125.2,125.25 1 1
github.com/bllooop/pvzservice/internal/repository/pvzrepository.go:127.67,129.27 2 1
github.com/bllooop/pvzservice/internal/repository/pvzrepository.go:129.27,131.3 1 1
github.com/bllooop/pvzservice/internal/repository/pvzrepository.go:132.2,132.25 1 1
github.com/bllooop/pvzservice/internal/repository/pvzrepository.go:132.25,134.3 1 0
github.com/bllooop/pvzservice/internal/repository/pvzrepository.go:135.2,135.24 1 1
github.com/bllooop/pvzservice/internal/repository/pvzrepository.go:138.99,140.25 2 1
github.com/bllooop/pvzservice/internal/repository/pvzrepository.go:140.25,142.3 1 1
github.com/bllooop/pvzservice/internal/repository/pvzrepository.go:143.2,147.17 5 1
github.com/bllooop/pvzservice/internal/repository/pvzrepository.go:150.123,152.30 2 1
github.com/bllooop/pvzservice/internal/repository/pvzrepository.go:152.30,154.3 1 1
github.com/bllooop/pvzservice/internal/repository/pvzrepository.go:155.2,159.24 5 1
github.com/bllooop/pvzservice/internal/repository/pvzrepository.go:162.112,164.30 2 1
github.com/bllooop/pvzservice/internal/repository/pvzrepository.go:164.30,166.3 1 1
github.com/bllooop/pvzservice/internal/repository/pvzrepository.go:167.2,171.22 5 1
github.com/bllooop/pvzservice/internal/repository/pvzrepository.go:174.37,176.2 1 0
github.com/bllooop/pvzservice/internal/repository/receptionrepository.go:16.99,18.16 2 1
github.com/bllooop/pvzservice/internal/repository/receptionrepository.go:18.16,20.3 1 0
github.com/bllooop/pvzservice/internal/repository/receptionrepository.go:21.2,24.16 3 1
github.com/bllooop/pvzservice/internal/repository/receptionrepository.go:24.16,26.3 1 0
github.com/bllooop/pvzservice/internal/repository/receptionrepository.go:27.2,27.33 1 1
github.com/bllooop/pvzservice/internal/repository/receptionrepository.go:27.33,29.3 1 1
github.com/bllooop/pvzservice/internal/repository/receptionrepository.go:30.2,31.16 2 1
github.com/bllooop/pvzservice/internal/repository/receptionrepository.go:31.16,33.3 1 1
github.com/bllooop/pvzservice/internal/repository/receptionrepository.go:34.2,34.36 1 1
github.com/bllooop/pvzservice/internal/repository/receptionrepository.go:34.36,36.3 1 0
github.com/bllooop/pvzservice/internal/repository/receptionrepository.go:37.2,38.26 2 1
github.com/bllooop/pvzservice/internal/repository/receptionrepository.go:41.86,43.16 2 1
github.com/bllooop/pvzservice/internal/repository/receptionrepository.go:43.16,45.3 1 0
github.com/bllooop/pvzservice/internal/repository/receptionrepository.go:46.2,49.27 3 1
github.com/bllooop/pvzservice/internal/repository/receptionrepository.go:49.27,51.3 1 0
github.com/bllooop/pvzservice/internal/repository/receptionrepository.go:52.2,54.16 3 1
github.com/bllooop/pvzservice/internal/repository/receptionrepository.go:54.16,56.3 1 1
github.com/bllooop/pvzservice/internal/repository/receptionrepository.go:57.2,57.36 1 1
github.com/bllooop/pvzservice/internal/repository/receptionrepository.go:57.36,59.3 1 0
github.com/bllooop/pvzservice/internal/repository/receptionrepository.go:60.2,61.26 2 1
github.com/bllooop/pvzservice/internal/repository/receptionrepository.go:64.66,66.16 2 1
github.com/bllooop/pvzservice/internal/repository/receptionrepository.go:66.16,68.3 1 0
github.com/bllooop/pvzservice/internal/repository/receptionrepository.go:69.2,71.16 3 1
github.com/bllooop/pvzservice/internal/repository/receptionrepository.go:71.16,73.3 1 0
github.com/bllooop/pvzservice/internal/repository/receptionrepository.go:74.2,74.27 1 1
github.com/bllooop/pvzservice/internal/repository/receptionrepository.go:74.27,76.3 1 0
github.com/bllooop/pvzservice/internal/repository/receptionrepository.go:77.2,78.62 2 1
github.com/bllooop/pvzservice/internal/repository/receptionrepository.go:78.62,79.44 1 1
github.com/bllooop/pvzservice/internal/repository/receptionrepository.go:79.44,81.4 1 1
github.com/bllooop/pvzservice/internal/repository/receptionrepository.go:82.3,82.13 1 1
github.com/bllooop/pvzservice/internal/repository/receptionrepository.go:84.2,84.36 1 1
github.com/bllooop/pvzservice/internal/repository/receptionrepository.go:84.36,86.3 1 0
github.com/bllooop/pvzservice/internal/repository/receptionrepository.go:87.2,87.12 1 1
github.com/bllooop/pvzservice/internal/repository/receptionrepository.go:90.92,92.16 2 1
github.com/bllooop/pvzservice/internal/repository/receptionrepository.go:92.16,94.3 1 0
github.com/bllooop/pvzservice/internal/repository/receptionrepository.go:95.2,97.27 3 1
github.com/bllooop/pvzservice/internal/repository/receptionrepository.go:97.27,99.3 1 1
github.com/bllooop/pvzservice/internal/repository/receptionrepository.go:100.2,100.82 1 1
github.com/bllooop/pvzservice/internal/repository/receptionrepository.go:100.82,103.3 2 1
github.com/bllooop/pvzservice/internal/repository/receptionrepository.go:104.2,106.16 3 1
github.com/bllooop/pvzservice/internal/repository/receptionrepository.go:106.16,108.3 1 1
github.com/bllooop/pvzservice/internal/repository/receptionrepository.go:109.2,109.36 1 1
github.com/bllooop/pvzservice/internal/repository/receptionrepository.go:109.36,111.3 1 0
github.com/bllooop/pvzservice/internal/repository/receptionrepository.go:112.2,112.17 1 1
github.com/bllooop/pvzservice/internal/repository/receptionrepository.go:114.118,119.16 5 1
github.com/bllooop/pvzservice/internal/repository/receptionrepository.go:119.16,121.3 1 1
github.com/bllooop/pvzservice/internal/repository/receptionrepository.go:122.2,122.23 1 1
github.com/bllooop/pvzservice/internal/repository/receptionrepository.go:125.107,130.16 5 1
github.com/bllooop/pvzservice/internal/repository/receptionrepository.go:130.16,131.27 1 1
github.com/bllooop/pvzservice/internal/repository/receptionrepository.go:131.27,133.4 1 0
github.com/bllooop/pvzservice/internal/repository/receptionrepository.go:134.3,134.20 1 1
github.com/bllooop/pvzservice/internal/repository/receptionrepository.go:136.2,136.24 1 1
github.com/bllooop/pvzservice/internal/repository/receptionrepository.go:139.103,145.16 6 1
github.com/bllooop/pvzservice/internal/repository/receptionrepository.go:145.16,146.27 1 1
github.com/bllooop/pvzservice/internal/repository/receptionrepository.go:146.27,148.4 1 1
github.com/bllooop/pvzservice/internal/repository/receptionrepository.go:149.3,149.27 1 0
github.com/bllooop/pvzservice/internal/repository/receptionrepository.go:151.2,151.29 1 1
github.com/bllooop/pvzservice/internal/repository/receptionrepository.go:154.93,163.16 4 1
github.com/bllooop/pvzservice/internal/repository/receptionrepository.go:163.16,165.3 1 1
github.com/bllooop/pvzservice/internal/repository/receptionrepository.go:166.2,167.16 2 1
github.com/bllooop/pvzservice/internal/repository/receptionrepository.go:167.16,169.3 1 0
github.com/bllooop/pvzservice/internal/repository/receptionrepository.go:170.2,170.23 1 1
github.com/bllooop/pvzservice/internal/repository/receptionrepository.go:170.23,172.3 1 1
github.com/bllooop/pvzservice/internal/repository/receptionrepository.go:173.2,173.12 1 1
github.com/bllooop/pvzservice/internal/repository/receptionrepository.go:176.116,183.2 5 1
github.com/bllooop/pvzservice/internal/repository/receptionrepository.go:185.134,192.2 5 1
github.com/bllooop/pvzservice/internal/repository/repository.go:30.45,35.2 1 0
github.com/bllooop/pvzservice/internal/delivery/api/authhandler.go:22.46,24.41 2 1
github.com/bllooop/pvzservice/internal/delivery/api/authhandler.go:24.41,28.3 3 0
github.com/bllooop/pvzservice/internal/delivery/api/authhandler.go:29.2,30.49 2 1
github.com/bllooop/pvzservice/internal/delivery/api/authhandler.go:30.49,34.3 3 1
github.com/bllooop/pvzservice/internal/delivery/api/authhandler.go:35.2,37.9 3 1
github.com/bllooop/pvzservice/internal/delivery/api/authhandler.go:37.9,40.3 2 0
github.com/bllooop/pvzservice/internal/delivery/api/authhandler.go:42.2,43.9 2 1
github.com/bllooop/pvzservice/internal/delivery/api/authhandler.go:43.9,46.3 2 0
github.com/bllooop/pvzservice/internal/delivery/api/authhandler.go:47.2,48.16 2 1
github.com/bllooop/pvzservice/internal/delivery/api/authhandler.go:48.16,52.3 3 0
github.com/bllooop/pvzservice/internal/delivery/api/authhandler.go:53.2,56.16 3 1
github.com/bllooop/pvzservice/internal/delivery/api/authhandler.go:56.16,60.3 3 0
github.com/bllooop/pvzservice/internal/delivery/api/authhandler.go:62.2,66.54 2 1
github.com/bllooop/pvzservice/internal/delivery/api/authhandler.go:68.42,70.41 2 1
github.com/bllooop/pvzservice/internal/delivery/api/authhandler.go:70.41,74.3 3 0
github.com/bllooop/pvzservice/internal/delivery/api/authhandler.go:75.2,76.49 2 1
github.com/bllooop/pvzservice/internal/delivery/api/authhandler.go:76.49,80.3 3 1
github.com/bllooop/pvzservice/internal/delivery/api/authhandler.go:81.2,83.16 3 1
github.com/bllooop/pvzservice/internal/delivery/api/authhandler.go:83.16,87.3 3 1
github.com/bllooop/pvzservice/internal/delivery/api/authhandler.go:88.2,92.66 2 1
github.com/bllooop/pvzservice/internal/delivery/api/authhandler.go:96.42,99.41 3 1
github.com/bllooop/pvzservice/internal/delivery/api/authhandler.go:99.41,103.3 3 0
github.com/bllooop/pvzservice/internal/delivery/api/authhandler.go:104.2,104.49 1 1
github.com/bllooop/pvzservice/internal/delivery/api/authhandler.go:104.49,108.3 3 1
github.com/bllooop/pvzservice/internal/delivery/api/authhandler.go:109.2,111.16 3 1
github.com/bllooop/pvzservice/internal/delivery/api/authhandler.go:111.16,115.3 3 1
github.com/bllooop/pvzservice/internal/delivery/api/authhandler.go:116.2,118.9 3 1
github.com/bllooop/pvzservice/internal/delivery/api/authhandler.go:118.9,121.3 2 0
github.com/bllooop/pvzservice/internal/delivery/api/authhandler.go:122.2,123.16 2 1
github.com/bllooop/pvzservice/internal/delivery/api/authhandler.go:123.16,127.3 3 0
github.com/bllooop/pvzservice/internal/delivery/api/authhandler.go:129.2,133.54 2 1
github.com/bllooop/pvzservice/internal/delivery/api/errResponse.go:12.71,15.2 2 1
github.com/bllooop/pvzservice/internal/delivery/api/grpcmethod.go:17.70,19.2 1 0
github.com/bllooop/pvzservice/internal/delivery/api/grpcmethod.go:20.125,22.16 2 0
github.com/bllooop/pvzservice/internal/delivery/api/grpcmethod.go:22.16,25.3 2 0
github.com/bllooop/pvzservice/internal/delivery/api/grpcmethod.go:27.2,28.27 2 0
github.com/bllooop/pvzservice/internal/delivery/api/grpcmethod.go:28.27,30.30 2 0
github.com/bllooop/pvzservice/internal/delivery/api/grpcmethod.go:30.30,32.4 1 0
github.com/bllooop/pvzservice/internal/delivery/api/grpcmethod.go:33.3,37.5 1 0
github.com/bllooop/pvzservice/internal/delivery/api/grpcmethod.go:39.2,41.51 2 0
github.com/bllooop/pvzservice/internal/delivery/api/handler.go:17.53,18.60 1 0
github.com/bllooop/pvzservice/internal/delivery/api/handler.go:18.60,18.81 1 0
github.com/bllooop/pvzservice/internal/delivery/api/handler.go:20.87,23.30 1 1
github.com/bllooop/pvzservice/internal/delivery/api/handler.go:23.30,23.50 1 1
github.com/bllooop/pvzservice/internal/delivery/api/handler.go:27.44,47.2 14 0
github.com/bllooop/pvzservice/internal/delivery/api/middleware.go:21.48,23.18 2 1
github.com/bllooop/pvzservice/internal/delivery/api/middleware.go:23.18,27.3 3 1
github.com/bllooop/pvzservice/internal/delivery/api/middleware.go:28.2,29.27 2 1
github.com/bllooop/pvzservice/internal/delivery/api/middleware.go:29.27,33.3 3 0
github.com/bllooop/pvzservice/internal/delivery/api/middleware.go:34.2,34.26 1 1
github.com/bllooop/pvzservice/internal/delivery/api/middleware.go:34.26,38.3 3 1
github.com/bllooop/pvzservice/internal/delivery/api/middleware.go:39.2,40.16 2 1
github.com/bllooop/pvzservice/internal/delivery/api/middleware.go:40.16,44.3 3 1
github.com/bllooop/pvzservice/internal/delivery/api/middleware.go:45.2,46.25 2 1
github.com/bllooop/pvzservice/internal/delivery/api/middleware.go:48.47,50.9 2 1
github.com/bllooop/pvzservice/internal/delivery/api/middleware.go:50.9,52.3 1 1
github.com/bllooop/pvzservice/internal/delivery/api/middleware.go:54.2,55.9 2 1
github.com/bllooop/pvzservice/internal/delivery/api/middleware.go:55.9,57.3 1 0
github.com/bllooop/pvzservice/internal/delivery/api/middleware.go:59.2,59.21 1 1
github.com/bllooop/pvzservice/internal/delivery/api/middleware.go:62.45,64.9 2 0
github.com/bllooop/pvzservice/internal/delivery/api/middleware.go:64.9,66.3 1 0
github.com/bllooop/pvzservice/internal/delivery/api/middleware.go:68.2,69.9 2 0
github.com/bllooop/pvzservice/internal/delivery/api/middleware.go:69.9,71.3 1 0
github.com/bllooop/pvzservice/internal/delivery/api/middleware.go:73.2,73.19 1 0
github.com/bllooop/pvzservice/internal/delivery/api/middleware.go:76.58,77.30 1 0
github.com/bllooop/pvzservice/internal/delivery/api/middleware.go:77.30,85.17 6 0
github.com/bllooop/pvzservice/internal/delivery/api/middleware.go:85.17,87.4 1 0
github.com/bllooop/pvzservice/internal/delivery/api/middleware.go:88.3,91.111 3 0
github.com/bllooop/pvzservice/internal/delivery/api/middleware.go:97.96,100.48 2 0
github.com/bllooop/pvzservice/internal/delivery/api/middleware.go:100.48,103.3 2 0
github.com/bllooop/pvzservice/internal/delivery/api/pvzhandler.go:15.45,18.41 2 1
github.com/bllooop/pvzservice/internal/delivery/api/pvzhandler.go:18.41,22.3 3 0
github.com/bllooop/pvzservice/internal/delivery/api/pvzhandler.go:23.2,24.16 2 1
github.com/bllooop/pvzservice/internal/delivery/api/pvzhandler.go:24.16,28.3 3 0
github.com/bllooop/pvzservice/internal/delivery/api/pvzhandler.go:29.2,30.19 2 1
github.com/bllooop/pvzservice/internal/delivery/api/pvzhandler.go:30.19,34.3 3 1
github.com/bllooop/pvzservice/internal/delivery/api/pvzhandler.go:35.2,36.49 2 1
github.com/bllooop/pvzservice/internal/delivery/api/pvzhandler.go:36.49,40.3 3 1
github.com/bllooop/pvzservice/internal/delivery/api/pvzhandler.go:41.2,45.16 5 1
github.com/bllooop/pvzservice/internal/delivery/api/pvzhandler.go:45.16,49.3 3 1
github.com/bllooop/pvzservice/internal/delivery/api/pvzhandler.go:50.2,55.75 3 1
github.com/bllooop/pvzservice/internal/delivery/api/pvzhandler.go:58.42,60.40 2 1
github.com/bllooop/pvzservice/internal/delivery/api/pvzhandler.go:60.40,64.3 3 0
github.com/bllooop/pvzservice/internal/delivery/api/pvzhandler.go:65.2,71.31 7 1
github.com/bllooop/pvzservice/internal/delivery/api/pvzhandler.go:71.31,73.3 1 0
github.com/bllooop/pvzservice/internal/delivery/api/pvzhandler.go:74.2,75.32 2 1
github.com/bllooop/pvzservice/internal/delivery/api/pvzhandler.go:75.32,77.3 1 0
github.com/bllooop/pvzservice/internal/delivery/api/pvzhandler.go:77.8,77.26 1 1
github.com/bllooop/pvzservice/internal/delivery/api/pvzhandler.go:77.26,79.3 1 0
github.com/bllooop/pvzservice/internal/delivery/api/pvzhandler.go:80.2,80.21 1 1
github.com/bllooop/pvzservice/internal/delivery/api/pvzhandler.go:80.21,82.17 2 1
github.com/bllooop/pvzservice/internal/delivery/api/pvzhandler.go:82.17,86.4 3 0
github.com/bllooop/pvzservice/internal/delivery/api/pvzhandler.go:88.2,88.19 1 1
github.com/bllooop/pvzservice/internal/delivery/api/pvzhandler.go:88.19,90.17 2 0
github.com/bllooop/pvzservice/internal/delivery/api/pvzhandler.go:90.17,94.4 3 0
github.com/bllooop/pvzservice/internal/delivery/api/pvzhandler.go:96.2,104.16 4 1
github.com/bllooop/pvzservice/internal/delivery/api/pvzhandler.go:104.16,108.3 3 1
github.com/bllooop/pvzservice/internal/delivery/api/pvzhandler.go:110.2,114.4 2 1
github.com/bllooop/pvzservice/internal/delivery/api/pvzhandler.go:117.45,119.41 2 1
github.com/bllooop/pvzservice/internal/delivery/api/pvzhandler.go:119.41,123.3 3 0
github.com/bllooop/pvzservice/internal/delivery/api/pvzhandler.go:124.2,127.16 3 1
github.com/bllooop/pvzservice/internal/delivery/api/pvzhandler.go:127.16,130.3 2 1
github.com/bllooop/pvzservice/internal/delivery/api/pvzhandler.go:131.2,133.16 3 1
github.com/bllooop/pvzservice/internal/delivery/api/pvzhandler.go:133.16,137.3 3 0
github.com/bllooop/pvzservice/internal/delivery/api/pvzhandler.go:138.2,139.19 2 1
github.com/bllooop/pvzservice/internal/delivery/api/pvzhandler.go:139.19,143.3 3 1
github.com/bllooop/pvzservice/internal/delivery/api/pvzhandler.go:144.2,145.16 2 1
github.com/bllooop/pvzservice/internal/delivery/api/pvzhandler.go:145.16,149.3 3 1
github.com/bllooop/pvzservice/internal/delivery/api/pvzhandler.go:150.2,154.4 2 1
github.com/bllooop/pvzservice/internal/delivery/api/pvzhandler.go:156.46,158.41 2 1
github.com/bllooop/pvzservice/internal/delivery/api/pvzhandler.go:158.41,162.3 3 0
github.com/bllooop/pvzservice/internal/delivery/api/pvzhandler.go:163.2,166.16 3 1
github.com/bllooop/pvzservice/internal/delivery/api/pvzhandler.go:166.16,169.3 2 1
github.com/bllooop/pvzservice/internal/delivery/api/pvzhandler.go:170.2,172.16 3 1
github.com/bllooop/pvzservice/internal/delivery/api/pvzhandler.go:172.16,176.3 3 0
github.com/bllooop/pvzservice/internal/delivery/api/pvzhandler.go:177.2,178.19 2 1
github.com/bllooop/pvzservice/internal/delivery/api/pvzhandler.go:178.19,182.3 3 1
github.com/bllooop/pvzservice/internal/delivery/api/pvzhandler.go:183.2,184.16 2 1
github.com/bllooop/pvzservice/internal/delivery/api/pvzhandler.go:184.16,188.3 3 1
github.com/bllooop/pvzservice/internal/delivery/api/pvzhandler.go:189.2,192.4 2 1
github.com/bllooop/pvzservice/internal/delivery/api/pvzhandler.go:194.52,196.41 2 1
github.com/bllooop/pvzservice/internal/delivery/api/pvzhandler.go:196.41,200.3 3 0
github.com/bllooop/pvzservice/internal/delivery/api/pvzhandler.go:201.2,202.16 2 1
github.com/bllooop/pvzservice/internal/delivery/api/pvzhandler.go:202.16,206.3 3 0
github.com/bllooop/pvzservice/internal/delivery/api/pvzhandler.go:207.2,208.19 2 1
github.com/bllooop/pvzservice/internal/delivery/api/pvzhandler.go:208.19,212.3 3 1
github.com/bllooop/pvzservice/internal/delivery/api/pvzhandler.go:213.2,214.49 2 1
github.com/bllooop/pvzservice/internal/delivery/api/pvzhandler.go:214.49,218.3 3 0
github.com/bllooop/pvzservice/internal/delivery/api/pvzhandler.go:219.2,219.52 1 1
github.com/bllooop/pvzservice/internal/delivery/api/pvzhandler.go:219.52,223.3 3 0
github.com/bllooop/pvzservice/internal/delivery/api/pvzhandler.go:224.2,230.16 7 1
github.com/bllooop/pvzservice/internal/delivery/api/pvzhandler.go:230.16,234.3 3 1
github.com/bllooop/pvzservice/internal/delivery/api/pvzhandler.go:235.2,241.4 3 1
github.com/bllooop/pvzservice/internal/delivery/api/pvzhandler.go:245.47,247.41 2 1
github.com/bllooop/pvzservice/internal/delivery/api/pvzhandler.go:247.41,251.3 3 0
github.com/bllooop/pvzservice/internal/delivery/api/pvzhandler.go:252.2,253.16 2 1
github.com/bllooop/pvzservice/internal/delivery/api/pvzhandler.go:253.16,257.3 3 0
github.com/bllooop/pvzservice/internal/delivery/api/pvzhandler.go:258.2,259.19 2 1
github.com/bllooop/pvzservice/internal/delivery/api/pvzhandler.go:259.19,263.3 3 1
github.com/bllooop/pvzservice/internal/delivery/api/pvzhandler.go:264.2,265.49 2 1
github.com/bllooop/pvzservice/internal/delivery/api/pvzhandler.go:265.49,269.3 3 1
github.com/bllooop/pvzservice/internal/delivery/api/pvzhandler.go:270.2,270.30 1 1
github.com/bllooop/pvzservice/internal/delivery/api/pvzhandler.go:270.30,274.3 3 0
github.com/bllooop/pvzservice/internal/delivery/api/pvzhandler.go:276.2,280.16 5 1
github.com/bllooop/pvzservice/internal/delivery/api/pvzhandler.go:280.16,284.3 3 1
github.com/bllooop/pvzservice/internal/delivery/api/pvzhandler.go:286.2,291.4 3 1
github.com/bllooop/pvzservice/internal/delivery/api/pvzhandler.go:294.39,295.28 1 1
github.com/bllooop/pvzservice/internal/delivery/api/pvzhandler.go:295.28,296.20 1 1
github.com/bllooop/pvzservice/internal/delivery/api/pvzhandler.go:296.20,298.4 1 1
github.com/bllooop/pvzservice/internal/delivery/api/pvzhandler.go:301.2,301.23 1 0
